TN:
SF:/Users/mo/development/problemSolving/HackerRankDataStructuresTrack/linkedList/compareTwoLinkedLists.js
FN:14,compareLinkedLists
FNF:1
FNH:0
FNDA:0,compareLinkedLists
DA:16,0
DA:17,0
DA:18,0
DA:19,0
DA:21,0
DA:22,0
DA:23,0
LF:7
LH:0
BRDA:16,0,0,0
BRDA:16,0,1,0
BRDA:16,1,0,0
BRDA:16,1,1,0
BRDA:18,2,0,0
BRDA:18,2,1,0
BRDA:18,3,0,0
BRDA:18,3,1,0
BRDA:21,4,0,0
BRDA:21,4,1,0
BRF:10
BRH:0
end_of_record
TN:
SF:/Users/mo/development/problemSolving/HackerRankDataStructuresTrack/linkedList/createReverseLinkedList.js
FN:1,reverseLinkedList
FNF:1
FNH:0
FNDA:0,reverseLinkedList
DA:2,0
DA:4,0
DA:5,0
DA:6,0
DA:7,0
DA:8,0
LF:6
LH:0
BRDA:2,0,0,0
BRDA:2,0,1,0
BRDA:4,1,0,0
BRDA:4,1,1,0
BRDA:4,2,0,0
BRDA:4,2,1,0
BRF:6
BRH:0
end_of_record
TN:
SF:/Users/mo/development/problemSolving/HackerRankDataStructuresTrack/linkedList/deleteNode.js
FN:14,deleteNode
FNF:1
FNH:0
FNDA:0,deleteNode
DA:15,0
DA:17,0
DA:18,0
DA:19,0
DA:20,0
DA:21,0
DA:22,0
DA:23,0
DA:26,0
DA:27,0
DA:28,0
DA:30,0
DA:31,0
LF:13
LH:0
BRDA:15,0,0,0
BRDA:15,0,1,0
BRDA:26,1,0,0
BRDA:26,1,1,0
BRF:4
BRH:0
end_of_record
TN:
SF:/Users/mo/development/problemSolving/HackerRankDataStructuresTrack/linkedList/findCycleInlinkedList.js
FN:14,hasCycle
FNF:1
FNH:0
FNDA:0,hasCycle
DA:15,0
DA:17,0
DA:18,0
DA:20,0
DA:21,0
DA:22,0
DA:24,0
DA:26,0
LF:8
LH:0
BRDA:15,0,0,0
BRDA:15,0,1,0
BRDA:20,1,0,0
BRDA:20,1,1,0
BRDA:24,2,0,0
BRDA:24,2,1,0
BRF:6
BRH:0
end_of_record
TN:
SF:/Users/mo/development/problemSolving/HackerRankDataStructuresTrack/linkedList/findMergePoint.js
FN:1,findMergeNode
FNF:1
FNH:0
FNDA:0,findMergeNode
DA:2,0
DA:3,0
DA:5,0
DA:7,0
DA:9,0
DA:12,0
LF:6
LH:0
BRDA:7,0,0,0
BRDA:7,0,1,0
BRDA:9,1,0,0
BRDA:9,1,1,0
BRF:4
BRH:0
end_of_record
TN:
SF:/Users/mo/development/problemSolving/HackerRankDataStructuresTrack/linkedList/getNodeValueWithReversePosition.js
FN:1,getNodeValue
FN:17,(anonymous_1)
FNF:2
FNH:0
FNDA:0,getNodeValue
FNDA:0,(anonymous_1)
DA:3,0
DA:5,0
DA:6,0
DA:7,0
DA:8,0
DA:10,0
DA:11,0
DA:12,0
DA:14,0
DA:17,0
DA:18,0
DA:20,0
DA:21,0
DA:22,0
DA:23,0
DA:24,0
LF:16
LH:0
BRDA:3,0,0,0
BRDA:3,0,1,0
BRDA:6,1,0,0
BRDA:6,1,1,0
BRDA:18,2,0,0
BRDA:18,2,1,0
BRDA:20,3,0,0
BRDA:20,3,1,0
BRDA:20,4,0,0
BRDA:20,4,1,0
BRF:10
BRH:0
end_of_record
TN:
SF:/Users/mo/development/problemSolving/HackerRankDataStructuresTrack/linkedList/insertNodeInDoublyLL.js
FNF:0
FNH:0
LF:0
LH:0
BRF:0
BRH:0
end_of_record
TN:
SF:/Users/mo/development/problemSolving/HackerRankDataStructuresTrack/linkedList/insertNodeInSpesificPosition.js
FN:15,insert
FNF:1
FNH:0
FNDA:0,insert
DA:16,0
DA:17,0
DA:19,0
DA:20,0
DA:21,0
DA:22,0
DA:23,0
DA:24,0
DA:25,0
DA:28,0
DA:29,0
DA:30,0
DA:31,0
DA:33,0
DA:34,0
DA:35,0
LF:16
LH:0
BRDA:17,0,0,0
BRDA:17,0,1,0
BRDA:28,1,0,0
BRDA:28,1,1,0
BRF:4
BRH:0
end_of_record
TN:
SF:/Users/mo/development/problemSolving/HackerRankDataStructuresTrack/linkedList/mergingTwoLinkedLists.js
FN:12,mergeLinkedLists
FNF:1
FNH:0
FNDA:0,mergeLinkedLists
DA:13,0
DA:14,0
DA:15,0
DA:17,0
DA:18,0
DA:20,0
DA:21,0
DA:22,0
DA:23,0
DA:24,0
DA:26,0
LF:11
LH:0
BRDA:13,0,0,0
BRDA:13,0,1,0
BRDA:13,1,0,0
BRDA:13,1,1,0
BRDA:14,2,0,0
BRDA:14,2,1,0
BRDA:15,3,0,0
BRDA:15,3,1,0
BRDA:17,4,0,0
BRDA:17,4,1,0
BRF:10
BRH:0
end_of_record
TN:
SF:/Users/mo/development/problemSolving/HackerRankDataStructuresTrack/linkedList/removeDuplicates.js
FN:13,removeDuplicates
FN:19,(anonymous_1)
FNF:2
FNH:0
FNDA:0,removeDuplicates
FNDA:0,(anonymous_1)
DA:14,0
DA:15,0
DA:16,0
DA:19,0
DA:20,0
DA:21,0
DA:22,0
DA:23,0
DA:24,0
LF:9
LH:0
BRDA:14,0,0,0
BRDA:14,0,1,0
BRDA:15,1,0,0
BRDA:15,1,1,0
BRDA:20,2,0,0
BRDA:20,2,1,0
BRDA:21,3,0,0
BRDA:21,3,1,0
BRF:8
BRH:0
end_of_record
TN:
SF:/Users/mo/development/problemSolving/HackerRankDataStructuresTrack/linkedList/reverseDoublyLinkedList.js
FN:1,reverse
FNF:1
FNH:0
FNDA:0,reverse
DA:2,0
DA:3,0
DA:4,0
DA:5,0
DA:6,0
DA:7,0
DA:8,0
DA:9,0
DA:11,0
LF:9
LH:0
BRF:0
BRH:0
end_of_record
TN:
SF:/Users/mo/development/problemSolving/HackerRankDataStructuresTrack/linkedList/reversePrint.js
FN:1,reversePrint
FN:16,(anonymous_1)
FNF:2
FNH:0
FNDA:0,reversePrint
FNDA:0,(anonymous_1)
DA:2,0
DA:4,0
DA:5,0
DA:6,0
DA:8,0
DA:9,0
DA:10,0
DA:11,0
DA:12,0
DA:16,0
DA:17,0
DA:18,0
DA:19,0
DA:20,0
DA:21,0
DA:22,0
LF:16
LH:0
BRDA:2,0,0,0
BRDA:2,0,1,0
BRDA:4,1,0,0
BRDA:4,1,1,0
BRDA:4,2,0,0
BRDA:4,2,1,0
BRDA:17,3,0,0
BRDA:17,3,1,0
BRDA:18,4,0,0
BRDA:18,4,1,0
BRDA:18,5,0,0
BRDA:18,5,1,0
BRF:12
BRH:0
end_of_record
